2001
2011
2100
2110
2001
2011
2101
2110
30000
30010
30101
30110
31001
31011
31101
31110
30000
30010
30100
30110
31000
31011
31101
31111
30000
30010
30100
30110
31000
31011
31101
31111
30000
30010
30100
30110
31000
31011
31101
31111
30000
30010
30100
30111
31001
31011
31101
31111
30000
30011
30101
30111
31001
31011
31101
31111
30000
30010
30100
30111
31000
31011
31100
31111
30000
30010
30100
30110
31001
31011
31100
31111
30001
30011
30101
30111
31000
31010
31100
31110
30001
30010
30101
30111
31001
31011
31101
31111
30001
30011
30101
30111
31001
31011
31100
31110
30000
30010
30100
30110
31001
31011
31100
31111
